This is pdfTeX, Version 3.141592653-2.6-1.40.24 (MiKTeX 22.7) (preloaded format=pdflatex 2022.7.25)  8 JUN 2023 15:38
entering extended mode
 restricted \write18 enabled.
 %&-line parsing enabled.
**./13th_iafss_latex_template_v01_clean.tex
(13th_iafss_latex_template_v01_clean.tex
LaTeX2e <2022-06-01> patch level 5
L3 programming layer <2022-07-04>
(C:\Users\rlf3\AppData\Local\Programs\MiKTeX 2.9\tex/latex/base\article.cls
Document Class: article 2021/10/04 v1.4n Standard LaTeX document class
(C:\Users\rlf3\AppData\Local\Programs\MiKTeX 2.9\tex/latex/base\size12.clo
File: size12.clo 2021/10/04 v1.4n Standard LaTeX file (size option)
)
\c@part=\count185
\c@section=\count186
\c@subsection=\count187
\c@subsubsection=\count188
\c@paragraph=\count189
\c@subparagraph=\count190
\c@figure=\count191
\c@table=\count192
\abovecaptionskip=\skip47
\belowcaptionskip=\skip48
\bibindent=\dimen138
)
(C:\Users\rlf3\AppData\Local\Programs\MiKTeX 2.9\tex/latex/amsmath\amsmath.sty
Package: amsmath 2022/04/08 v2.17n AMS math features
\@mathmargin=\skip49

For additional information on amsmath, use the `?' option.
(C:\Users\rlf3\AppData\Local\Programs\MiKTeX 2.9\tex/latex/amsmath\amstext.sty
Package: amstext 2021/08/26 v2.01 AMS text

(C:\Users\rlf3\AppData\Local\Programs\MiKTeX 2.9\tex/latex/amsmath\amsgen.sty
File: amsgen.sty 1999/11/30 v2.0 generic functions
\@emptytoks=\toks16
\ex@=\dimen139
)) (C:\Users\rlf3\AppData\Local\Programs\MiKTeX 2.9\tex/latex/amsmath\amsbsy.st
y
Package: amsbsy 1999/11/29 v1.2d Bold Symbols
\pmbraise@=\dimen140
) (C:\Users\rlf3\AppData\Local\Programs\MiKTeX 2.9\tex/latex/amsmath\amsopn.sty
Package: amsopn 2022/04/08 v2.04 operator names
)
\inf@bad=\count193
LaTeX Info: Redefining \frac on input line 234.
\uproot@=\count194
\leftroot@=\count195
LaTeX Info: Redefining \overline on input line 399.
LaTeX Info: Redefining \colon on input line 410.
\classnum@=\count196
\DOTSCASE@=\count197
LaTeX Info: Redefining \ldots on input line 496.
LaTeX Info: Redefining \dots on input line 499.
LaTeX Info: Redefining \cdots on input line 620.
\Mathstrutbox@=\box51
\strutbox@=\box52
LaTeX Info: Redefining \big on input line 722.
LaTeX Info: Redefining \Big on input line 723.
LaTeX Info: Redefining \bigg on input line 724.
LaTeX Info: Redefining \Bigg on input line 725.
\big@size=\dimen141
LaTeX Font Info:    Redeclaring font encoding OML on input line 743.
LaTeX Font Info:    Redeclaring font encoding OMS on input line 744.
\macc@depth=\count198
LaTeX Info: Redefining \bmod on input line 905.
LaTeX Info: Redefining \pmod on input line 910.
LaTeX Info: Redefining \smash on input line 940.
LaTeX Info: Redefining \relbar on input line 970.
LaTeX Info: Redefining \Relbar on input line 971.
\c@MaxMatrixCols=\count199
\dotsspace@=\muskip16
\c@parentequation=\count266
\dspbrk@lvl=\count267
\tag@help=\toks17
\row@=\count268
\column@=\count269
\maxfields@=\count270
\andhelp@=\toks18
\eqnshift@=\dimen142
\alignsep@=\dimen143
\tagshift@=\dimen144
\tagwidth@=\dimen145
\totwidth@=\dimen146
\lineht@=\dimen147
\@envbody=\toks19
\multlinegap=\skip50
\multlinetaggap=\skip51
\mathdisplay@stack=\toks20
LaTeX Info: Redefining \[ on input line 2953.
LaTeX Info: Redefining \] on input line 2954.
)
(C:\Users\rlf3\AppData\Local\Programs\MiKTeX 2.9\tex/latex/amsfonts\amsfonts.st
y
Package: amsfonts 2013/01/14 v3.01 Basic AMSFonts support
\symAMSa=\mathgroup4
\symAMSb=\mathgroup5
LaTeX Font Info:    Redeclaring math symbol \hbar on input line 98.
LaTeX Font Info:    Overwriting math alphabet `\mathfrak' in version `bold'
(Font)                  U/euf/m/n --> U/euf/b/n on input line 106.
)
(C:\Users\rlf3\AppData\Local\Programs\MiKTeX 2.9\tex/latex/amsfonts\amssymb.sty
Package: amssymb 2013/01/14 v3.01 AMS font symbols
)
(C:\Users\rlf3\AppData\Local\Programs\MiKTeX 2.9\tex/latex/graphics\graphicx.st
y
Package: graphicx 2021/09/16 v1.2d Enhanced LaTeX Graphics (DPC,SPQR)

(C:\Users\rlf3\AppData\Local\Programs\MiKTeX 2.9\tex/latex/graphics\keyval.sty
Package: keyval 2022/05/29 v1.15 key=value parser (DPC)
\KV@toks@=\toks21
)
(C:\Users\rlf3\AppData\Local\Programs\MiKTeX 2.9\tex/latex/graphics\graphics.st
y
Package: graphics 2022/03/10 v1.4e Standard LaTeX Graphics (DPC,SPQR)
 (C:\Users\rlf3\AppData\Local\Programs\MiKTeX 2.9\tex/latex/graphics\trig.sty
Package: trig 2021/08/11 v1.11 sin cos tan (DPC)
)
(C:\Users\rlf3\AppData\Local\Programs\MiKTeX 2.9\tex/latex/graphics-cfg\graphic
s.cfg
File: graphics.cfg 2016/06/04 v1.11 sample graphics configuration
)
Package graphics Info: Driver file: pdftex.def on input line 107.

(C:\Users\rlf3\AppData\Local\Programs\MiKTeX 2.9\tex/latex/graphics-def\pdftex.
def
File: pdftex.def 2020/10/05 v1.2a Graphics/color driver for pdftex
))
\Gin@req@height=\dimen148
\Gin@req@width=\dimen149
)
(C:\Users\rlf3\AppData\Local\Programs\MiKTeX 2.9\tex/latex/caption\caption.sty
Package: caption 2022/03/01 v3.6b Customizing captions (AR)

(C:\Users\rlf3\AppData\Local\Programs\MiKTeX 2.9\tex/latex/caption\caption3.sty
Package: caption3 2022/03/17 v2.3b caption3 kernel (AR)
\caption@tempdima=\dimen150
\captionmargin=\dimen151
\caption@leftmargin=\dimen152
\caption@rightmargin=\dimen153
\caption@width=\dimen154
\caption@indent=\dimen155
\caption@parindent=\dimen156
\caption@hangindent=\dimen157
Package caption Info: Standard document class detected.
)
\c@caption@flags=\count271
\c@continuedfloat=\count272
) (C:\Users\rlf3\AppData\Local\Programs\MiKTeX 2.9\tex/latex/base\latexsym.sty
Package: latexsym 1998/08/17 v2.2e Standard LaTeX package (lasy symbols)
\symlasy=\mathgroup6
LaTeX Font Info:    Overwriting symbol font `lasy' in version `bold'
(Font)                  U/lasy/m/n --> U/lasy/b/n on input line 52.
) (C:\Users\rlf3\AppData\Local\Programs\MiKTeX 2.9\tex/latex/lineno\lineno.sty
Package: lineno 2005/11/02 line numbers on paragraphs v4.41
\linenopenalty=\count273
\output=\toks22
\linenoprevgraf=\count274
\linenumbersep=\dimen158
\linenumberwidth=\dimen159
\c@linenumber=\count275
\c@pagewiselinenumber=\count276
\c@LN@truepage=\count277
\c@internallinenumber=\count278
\c@internallinenumbers=\count279
\quotelinenumbersep=\dimen160
\bframerule=\dimen161
\bframesep=\dimen162
\bframebox=\box53
LaTeX Info: Redefining \\ on input line 3056.
) (C:\Users\rlf3\AppData\Local\Programs\MiKTeX 2.9\tex/latex/parskip\parskip.st
y
Package: parskip 2021-03-14 v2.0h non-zero parskip adjustments

(C:\Users\rlf3\AppData\Local\Programs\MiKTeX 2.9\tex/latex/kvoptions\kvoptions.
sty
Package: kvoptions 2022-06-15 v3.15 Key value format for package options (HO)

(C:\Users\rlf3\AppData\Local\Programs\MiKTeX 2.9\tex/generic/ltxcmds\ltxcmds.st
y
Package: ltxcmds 2020-05-10 v1.25 LaTeX kernel commands for general use (HO)
)
(C:\Users\rlf3\AppData\Local\Programs\MiKTeX 2.9\tex/generic/kvsetkeys\kvsetkey
s.sty
Package: kvsetkeys 2019/12/15 v1.18 Key value parser (HO)
))
(C:\Users\rlf3\AppData\Local\Programs\MiKTeX 2.9\tex/latex/etoolbox\etoolbox.st
y
Package: etoolbox 2020/10/05 v2.5k e-TeX tools for LaTeX (JAW)
\etb@tempcnta=\count280
))
(C:\Users\rlf3\AppData\Local\Programs\MiKTeX 2.9\tex/latex/preprint\fullpage.st
y
Package: fullpage 1999/02/23 1.1 (PWD)
\FP@margin=\skip52
)
(C:\Users\rlf3\AppData\Local\Programs\MiKTeX 2.9\tex/latex/titlesec\titlesec.st
y
Package: titlesec 2021/07/05 v2.14 Sectioning titles
\ttl@box=\box54
\beforetitleunit=\skip53
\aftertitleunit=\skip54
\ttl@plus=\dimen163
\ttl@minus=\dimen164
\ttl@toksa=\toks23
\titlewidth=\dimen165
\titlewidthlast=\dimen166
\titlewidthfirst=\dimen167
)
(C:\Users\rlf3\AppData\Local\Programs\MiKTeX 2.9\tex/latex/siunitx\siunitx.sty
Package: siunitx 2022-06-22 v3.1.4 A comprehensive (SI) units package
\l__siunitx_angle_tmp_dim=\dimen168
\l__siunitx_angle_marker_box=\box55
\l__siunitx_angle_unit_box=\box56
\l__siunitx_compound_count_int=\count281

(C:\Users\rlf3\AppData\Local\Programs\MiKTeX 2.9\tex/latex/translations\transla
tions.sty
Package: translations 2022/02/05 v1.12 internationalization of LaTeX2e packages
 (CN)

(C:\Users\rlf3\AppData\Local\Programs\MiKTeX 2.9\tex/generic/pdftexcmds\pdftexc
mds.sty
Package: pdftexcmds 2020-06-27 v0.33 Utility functions of pdfTeX for LuaTeX (HO
)

(C:\Users\rlf3\AppData\Local\Programs\MiKTeX 2.9\tex/generic/infwarerr\infwarer
r.sty
Package: infwarerr 2019/12/03 v1.5 Providing info/warning/error messages (HO)
)
(C:\Users\rlf3\AppData\Local\Programs\MiKTeX 2.9\tex/generic/iftex\iftex.sty
Package: iftex 2022/02/03 v1.0f TeX engine tests
)
Package pdftexcmds Info: \pdf@primitive is available.
Package pdftexcmds Info: \pdf@ifprimitive is available.
Package pdftexcmds Info: \pdfdraftmode found.
))
\l__siunitx_number_exponent_fixed_int=\count282
\l__siunitx_number_min_decimal_int=\count283
\l__siunitx_number_min_integer_int=\count284
\l__siunitx_number_round_precision_int=\count285
\l__siunitx_number_group_first_int=\count286
\l__siunitx_number_group_size_int=\count287
\l__siunitx_number_group_minimum_int=\count288
\l__siunitx_table_tmp_box=\box57
\l__siunitx_table_tmp_dim=\dimen169
\l__siunitx_table_column_width_dim=\dimen170
\l__siunitx_table_integer_box=\box58
\l__siunitx_table_decimal_box=\box59
\l__siunitx_table_before_box=\box60
\l__siunitx_table_after_box=\box61
\l__siunitx_table_before_dim=\dimen171
\l__siunitx_table_carry_dim=\dimen172
\l__siunitx_unit_tmp_int=\count289
\l__siunitx_unit_position_int=\count290
\l__siunitx_unit_total_int=\count291
(C:\Users\rlf3\AppData\Local\Programs\MiKTeX 2.9\tex/latex/tools\array.sty
Package: array 2021/10/04 v2.5f Tabular extension package (FMi)
\col@sep=\dimen173
\ar@mcellbox=\box62
\extrarowheight=\dimen174
\NC@list=\toks24
\extratabsurround=\skip55
\backup@length=\skip56
\ar@cellbox=\box63
))
(C:\Users\rlf3\AppData\Local\Programs\MiKTeX 2.9\tex/latex/psnfss\times.sty
Package: times 2020/03/25 PSNFSS-v9.3 (SPQR) 
)
(C:\Users\rlf3\AppData\Local\Programs\MiKTeX 2.9\tex/latex/chemformula\chemform
ula.sty
(C:\Users\rlf3\AppData\Local\Programs\MiKTeX 2.9\tex/latex/pgf/frontendlayer\ti
kz.sty
(C:\Users\rlf3\AppData\Local\Programs\MiKTeX 2.9\tex/latex/pgf/basiclayer\pgf.s
ty
(C:\Users\rlf3\AppData\Local\Programs\MiKTeX 2.9\tex/latex/pgf/utilities\pgfrcs
.sty
(C:\Users\rlf3\AppData\Local\Programs\MiKTeX 2.9\tex/generic/pgf/utilities\pgfu
til-common.tex
\pgfutil@everybye=\toks25
\pgfutil@tempdima=\dimen175
\pgfutil@tempdimb=\dimen176

(C:\Users\rlf3\AppData\Local\Programs\MiKTeX 2.9\tex/generic/pgf/utilities\pgfu
til-common-lists.tex))
(C:\Users\rlf3\AppData\Local\Programs\MiKTeX 2.9\tex/generic/pgf/utilities\pgfu
til-latex.def
\pgfutil@abb=\box64
)
(C:\Users\rlf3\AppData\Local\Programs\MiKTeX 2.9\tex/generic/pgf/utilities\pgfr
cs.code.tex
(C:\Users\rlf3\AppData\Local\Programs\MiKTeX 2.9\tex/generic/pgf\pgf.revision.t
ex)
Package: pgfrcs 2021/05/15 v3.1.9a (3.1.9a)
))
Package: pgf 2021/05/15 v3.1.9a (3.1.9a)

(C:\Users\rlf3\AppData\Local\Programs\MiKTeX 2.9\tex/latex/pgf/basiclayer\pgfco
re.sty
(C:\Users\rlf3\AppData\Local\Programs\MiKTeX 2.9\tex/latex/pgf/systemlayer\pgfs
ys.sty
(C:\Users\rlf3\AppData\Local\Programs\MiKTeX 2.9\tex/generic/pgf/systemlayer\pg
fsys.code.tex
Package: pgfsys 2021/05/15 v3.1.9a (3.1.9a)

(C:\Users\rlf3\AppData\Local\Programs\MiKTeX 2.9\tex/generic/pgf/utilities\pgfk
eys.code.tex
\pgfkeys@pathtoks=\toks26
\pgfkeys@temptoks=\toks27

(C:\Users\rlf3\AppData\Local\Programs\MiKTeX 2.9\tex/generic/pgf/utilities\pgfk
eysfiltered.code.tex
\pgfkeys@tmptoks=\toks28
))
\pgf@x=\dimen177
\pgf@y=\dimen178
\pgf@xa=\dimen179
\pgf@ya=\dimen180
\pgf@xb=\dimen181
\pgf@yb=\dimen182
\pgf@xc=\dimen183
\pgf@yc=\dimen184
\pgf@xd=\dimen185
\pgf@yd=\dimen186
\w@pgf@writea=\write3
\r@pgf@reada=\read2
\c@pgf@counta=\count292
\c@pgf@countb=\count293
\c@pgf@countc=\count294
\c@pgf@countd=\count295
\t@pgf@toka=\toks29
\t@pgf@tokb=\toks30
\t@pgf@tokc=\toks31
\pgf@sys@id@count=\count296

(C:\Users\rlf3\AppData\Local\Programs\MiKTeX 2.9\tex/generic/pgf/systemlayer\pg
f.cfg
File: pgf.cfg 2021/05/15 v3.1.9a (3.1.9a)
)
Driver file for pgf: pgfsys-pdftex.def

(C:\Users\rlf3\AppData\Local\Programs\MiKTeX 2.9\tex/generic/pgf/systemlayer\pg
fsys-pdftex.def
File: pgfsys-pdftex.def 2021/05/15 v3.1.9a (3.1.9a)

(C:\Users\rlf3\AppData\Local\Programs\MiKTeX 2.9\tex/generic/pgf/systemlayer\pg
fsys-common-pdf.def
File: pgfsys-common-pdf.def 2021/05/15 v3.1.9a (3.1.9a)
)))
(C:\Users\rlf3\AppData\Local\Programs\MiKTeX 2.9\tex/generic/pgf/systemlayer\pg
fsyssoftpath.code.tex
File: pgfsyssoftpath.code.tex 2021/05/15 v3.1.9a (3.1.9a)
\pgfsyssoftpath@smallbuffer@items=\count297
\pgfsyssoftpath@bigbuffer@items=\count298
)
(C:\Users\rlf3\AppData\Local\Programs\MiKTeX 2.9\tex/generic/pgf/systemlayer\pg
fsysprotocol.code.tex
File: pgfsysprotocol.code.tex 2021/05/15 v3.1.9a (3.1.9a)
))
(C:\Users\rlf3\AppData\Local\Programs\MiKTeX 2.9\tex/latex/xcolor\xcolor.sty
Package: xcolor 2022/06/12 v2.14 LaTeX color extensions (UK)

(C:\Users\rlf3\AppData\Local\Programs\MiKTeX 2.9\tex/latex/graphics-cfg\color.c
fg
File: color.cfg 2016/01/02 v1.6 sample color configuration
)
Package xcolor Info: Driver file: pdftex.def on input line 227.

(C:\Users\rlf3\AppData\Local\Programs\MiKTeX 2.9\tex/latex-dev/graphics\mathcol
or.ltx)
Package xcolor Info: Model `cmy' substituted by `cmy0' on input line 1353.
Package xcolor Info: Model `hsb' substituted by `rgb' on input line 1357.
Package xcolor Info: Model `RGB' extended on input line 1369.
Package xcolor Info: Model `HTML' substituted by `rgb' on input line 1371.
Package xcolor Info: Model `Hsb' substituted by `hsb' on input line 1372.
Package xcolor Info: Model `tHsb' substituted by `hsb' on input line 1373.
Package xcolor Info: Model `HSB' substituted by `hsb' on input line 1374.
Package xcolor Info: Model `Gray' substituted by `gray' on input line 1375.
Package xcolor Info: Model `wave' substituted by `hsb' on input line 1376.
)
(C:\Users\rlf3\AppData\Local\Programs\MiKTeX 2.9\tex/generic/pgf/basiclayer\pgf
core.code.tex
Package: pgfcore 2021/05/15 v3.1.9a (3.1.9a)

(C:\Users\rlf3\AppData\Local\Programs\MiKTeX 2.9\tex/generic/pgf/math\pgfmath.c
ode.tex
(C:\Users\rlf3\AppData\Local\Programs\MiKTeX 2.9\tex/generic/pgf/math\pgfmathca
lc.code.tex
(C:\Users\rlf3\AppData\Local\Programs\MiKTeX 2.9\tex/generic/pgf/math\pgfmathut
il.code.tex)
(C:\Users\rlf3\AppData\Local\Programs\MiKTeX 2.9\tex/generic/pgf/math\pgfmathpa
rser.code.tex
\pgfmath@dimen=\dimen187
\pgfmath@count=\count299
\pgfmath@box=\box65
\pgfmath@toks=\toks32
\pgfmath@stack@operand=\toks33
\pgfmath@stack@operation=\toks34
)
(C:\Users\rlf3\AppData\Local\Programs\MiKTeX 2.9\tex/generic/pgf/math\pgfmathfu
nctions.code.tex
(C:\Users\rlf3\AppData\Local\Programs\MiKTeX 2.9\tex/generic/pgf/math\pgfmathfu
nctions.basic.code.tex)
(C:\Users\rlf3\AppData\Local\Programs\MiKTeX 2.9\tex/generic/pgf/math\pgfmathfu
nctions.trigonometric.code.tex)
(C:\Users\rlf3\AppData\Local\Programs\MiKTeX 2.9\tex/generic/pgf/math\pgfmathfu
nctions.random.code.tex)
(C:\Users\rlf3\AppData\Local\Programs\MiKTeX 2.9\tex/generic/pgf/math\pgfmathfu
nctions.comparison.code.tex)
(C:\Users\rlf3\AppData\Local\Programs\MiKTeX 2.9\tex/generic/pgf/math\pgfmathfu
nctions.base.code.tex)
(C:\Users\rlf3\AppData\Local\Programs\MiKTeX 2.9\tex/generic/pgf/math\pgfmathfu
nctions.round.code.tex)
(C:\Users\rlf3\AppData\Local\Programs\MiKTeX 2.9\tex/generic/pgf/math\pgfmathfu
nctions.misc.code.tex)
(C:\Users\rlf3\AppData\Local\Programs\MiKTeX 2.9\tex/generic/pgf/math\pgfmathfu
nctions.integerarithmetics.code.tex)))
(C:\Users\rlf3\AppData\Local\Programs\MiKTeX 2.9\tex/generic/pgf/math\pgfmathfl
oat.code.tex
\c@pgfmathroundto@lastzeros=\count300
))
(C:\Users\rlf3\AppData\Local\Programs\MiKTeX 2.9\tex/generic/pgf/math\pgfint.co
de.tex)
(C:\Users\rlf3\AppData\Local\Programs\MiKTeX 2.9\tex/generic/pgf/basiclayer\pgf
corepoints.code.tex
File: pgfcorepoints.code.tex 2021/05/15 v3.1.9a (3.1.9a)
\pgf@picminx=\dimen188
\pgf@picmaxx=\dimen189
\pgf@picminy=\dimen190
\pgf@picmaxy=\dimen191
\pgf@pathminx=\dimen192
\pgf@pathmaxx=\dimen193
\pgf@pathminy=\dimen194
\pgf@pathmaxy=\dimen195
\pgf@xx=\dimen196
\pgf@xy=\dimen197
\pgf@yx=\dimen198
\pgf@yy=\dimen199
\pgf@zx=\dimen256
\pgf@zy=\dimen257
)
(C:\Users\rlf3\AppData\Local\Programs\MiKTeX 2.9\tex/generic/pgf/basiclayer\pgf
corepathconstruct.code.tex
File: pgfcorepathconstruct.code.tex 2021/05/15 v3.1.9a (3.1.9a)
\pgf@path@lastx=\dimen258
\pgf@path@lasty=\dimen259
)
(C:\Users\rlf3\AppData\Local\Programs\MiKTeX 2.9\tex/generic/pgf/basiclayer\pgf
corepathusage.code.tex
File: pgfcorepathusage.code.tex 2021/05/15 v3.1.9a (3.1.9a)
\pgf@shorten@end@additional=\dimen260
\pgf@shorten@start@additional=\dimen261
)
(C:\Users\rlf3\AppData\Local\Programs\MiKTeX 2.9\tex/generic/pgf/basiclayer\pgf
corescopes.code.tex
File: pgfcorescopes.code.tex 2021/05/15 v3.1.9a (3.1.9a)
\pgfpic=\box66
\pgf@hbox=\box67
\pgf@layerbox@main=\box68
\pgf@picture@serial@count=\count301
)
(C:\Users\rlf3\AppData\Local\Programs\MiKTeX 2.9\tex/generic/pgf/basiclayer\pgf
coregraphicstate.code.tex
File: pgfcoregraphicstate.code.tex 2021/05/15 v3.1.9a (3.1.9a)
\pgflinewidth=\dimen262
)
(C:\Users\rlf3\AppData\Local\Programs\MiKTeX 2.9\tex/generic/pgf/basiclayer\pgf
coretransformations.code.tex
File: pgfcoretransformations.code.tex 2021/05/15 v3.1.9a (3.1.9a)
\pgf@pt@x=\dimen263
\pgf@pt@y=\dimen264
\pgf@pt@temp=\dimen265
)
(C:\Users\rlf3\AppData\Local\Programs\MiKTeX 2.9\tex/generic/pgf/basiclayer\pgf
corequick.code.tex
File: pgfcorequick.code.tex 2021/05/15 v3.1.9a (3.1.9a)
)
(C:\Users\rlf3\AppData\Local\Programs\MiKTeX 2.9\tex/generic/pgf/basiclayer\pgf
coreobjects.code.tex
File: pgfcoreobjects.code.tex 2021/05/15 v3.1.9a (3.1.9a)
)
(C:\Users\rlf3\AppData\Local\Programs\MiKTeX 2.9\tex/generic/pgf/basiclayer\pgf
corepathprocessing.code.tex
File: pgfcorepathprocessing.code.tex 2021/05/15 v3.1.9a (3.1.9a)
)
(C:\Users\rlf3\AppData\Local\Programs\MiKTeX 2.9\tex/generic/pgf/basiclayer\pgf
corearrows.code.tex
File: pgfcorearrows.code.tex 2021/05/15 v3.1.9a (3.1.9a)
\pgfarrowsep=\dimen266
)
(C:\Users\rlf3\AppData\Local\Programs\MiKTeX 2.9\tex/generic/pgf/basiclayer\pgf
coreshade.code.tex
File: pgfcoreshade.code.tex 2021/05/15 v3.1.9a (3.1.9a)
\pgf@max=\dimen267
\pgf@sys@shading@range@num=\count302
\pgf@shadingcount=\count303
)
(C:\Users\rlf3\AppData\Local\Programs\MiKTeX 2.9\tex/generic/pgf/basiclayer\pgf
coreimage.code.tex
File: pgfcoreimage.code.tex 2021/05/15 v3.1.9a (3.1.9a)

(C:\Users\rlf3\AppData\Local\Programs\MiKTeX 2.9\tex/generic/pgf/basiclayer\pgf
coreexternal.code.tex
File: pgfcoreexternal.code.tex 2021/05/15 v3.1.9a (3.1.9a)
\pgfexternal@startupbox=\box69
))
(C:\Users\rlf3\AppData\Local\Programs\MiKTeX 2.9\tex/generic/pgf/basiclayer\pgf
corelayers.code.tex
File: pgfcorelayers.code.tex 2021/05/15 v3.1.9a (3.1.9a)
)
(C:\Users\rlf3\AppData\Local\Programs\MiKTeX 2.9\tex/generic/pgf/basiclayer\pgf
coretransparency.code.tex
File: pgfcoretransparency.code.tex 2021/05/15 v3.1.9a (3.1.9a)
)
(C:\Users\rlf3\AppData\Local\Programs\MiKTeX 2.9\tex/generic/pgf/basiclayer\pgf
corepatterns.code.tex
File: pgfcorepatterns.code.tex 2021/05/15 v3.1.9a (3.1.9a)
)
(C:\Users\rlf3\AppData\Local\Programs\MiKTeX 2.9\tex/generic/pgf/basiclayer\pgf
corerdf.code.tex
File: pgfcorerdf.code.tex 2021/05/15 v3.1.9a (3.1.9a)
)))
(C:\Users\rlf3\AppData\Local\Programs\MiKTeX 2.9\tex/generic/pgf/modules\pgfmod
uleshapes.code.tex
File: pgfmoduleshapes.code.tex 2021/05/15 v3.1.9a (3.1.9a)
\pgfnodeparttextbox=\box70
)
(C:\Users\rlf3\AppData\Local\Programs\MiKTeX 2.9\tex/generic/pgf/modules\pgfmod
uleplot.code.tex
File: pgfmoduleplot.code.tex 2021/05/15 v3.1.9a (3.1.9a)
)
(C:\Users\rlf3\AppData\Local\Programs\MiKTeX 2.9\tex/latex/pgf/compatibility\pg
fcomp-version-0-65.sty
Package: pgfcomp-version-0-65 2021/05/15 v3.1.9a (3.1.9a)
\pgf@nodesepstart=\dimen268
\pgf@nodesepend=\dimen269
)
(C:\Users\rlf3\AppData\Local\Programs\MiKTeX 2.9\tex/latex/pgf/compatibility\pg
fcomp-version-1-18.sty
Package: pgfcomp-version-1-18 2021/05/15 v3.1.9a (3.1.9a)
))
(C:\Users\rlf3\AppData\Local\Programs\MiKTeX 2.9\tex/latex/pgf/utilities\pgffor
.sty
(C:\Users\rlf3\AppData\Local\Programs\MiKTeX 2.9\tex/latex/pgf/utilities\pgfkey
s.sty
(C:\Users\rlf3\AppData\Local\Programs\MiKTeX 2.9\tex/generic/pgf/utilities\pgfk
eys.code.tex))
(C:\Users\rlf3\AppData\Local\Programs\MiKTeX 2.9\tex/latex/pgf/math\pgfmath.sty

(C:\Users\rlf3\AppData\Local\Programs\MiKTeX 2.9\tex/generic/pgf/math\pgfmath.c
ode.tex))
(C:\Users\rlf3\AppData\Local\Programs\MiKTeX 2.9\tex/generic/pgf/utilities\pgff
or.code.tex
Package: pgffor 2021/05/15 v3.1.9a (3.1.9a)

(C:\Users\rlf3\AppData\Local\Programs\MiKTeX 2.9\tex/generic/pgf/math\pgfmath.c
ode.tex)
\pgffor@iter=\dimen270
\pgffor@skip=\dimen271
\pgffor@stack=\toks35
\pgffor@toks=\toks36
))
(C:\Users\rlf3\AppData\Local\Programs\MiKTeX 2.9\tex/generic/pgf/frontendlayer/
tikz\tikz.code.tex
Package: tikz 2021/05/15 v3.1.9a (3.1.9a)

(C:\Users\rlf3\AppData\Local\Programs\MiKTeX 2.9\tex/generic/pgf/libraries\pgfl
ibraryplothandlers.code.tex
File: pgflibraryplothandlers.code.tex 2021/05/15 v3.1.9a (3.1.9a)
\pgf@plot@mark@count=\count304
\pgfplotmarksize=\dimen272
)
\tikz@lastx=\dimen273
\tikz@lasty=\dimen274
\tikz@lastxsaved=\dimen275
\tikz@lastysaved=\dimen276
\tikz@lastmovetox=\dimen277
\tikz@lastmovetoy=\dimen278
\tikzleveldistance=\dimen279
\tikzsiblingdistance=\dimen280
\tikz@figbox=\box71
\tikz@figbox@bg=\box72
\tikz@tempbox=\box73
\tikz@tempbox@bg=\box74
\tikztreelevel=\count305
\tikznumberofchildren=\count306
\tikznumberofcurrentchild=\count307
\tikz@fig@count=\count308

(C:\Users\rlf3\AppData\Local\Programs\MiKTeX 2.9\tex/generic/pgf/modules\pgfmod
ulematrix.code.tex
File: pgfmodulematrix.code.tex 2021/05/15 v3.1.9a (3.1.9a)
\pgfmatrixcurrentrow=\count309
\pgfmatrixcurrentcolumn=\count310
\pgf@matrix@numberofcolumns=\count311
)
\tikz@expandcount=\count312

(C:\Users\rlf3\AppData\Local\Programs\MiKTeX 2.9\tex/generic/pgf/frontendlayer/
tikz/libraries\tikzlibrarytopaths.code.tex
File: tikzlibrarytopaths.code.tex 2021/05/15 v3.1.9a (3.1.9a)
)))
(C:\Users\rlf3\AppData\Local\Programs\MiKTeX 2.9\tex/latex/l3packages/xfrac\xfr
ac.sty
(C:\Users\rlf3\AppData\Local\Programs\MiKTeX 2.9\tex/latex/l3kernel\expl3.sty
Package: expl3 2022-07-04 L3 programming layer (loader) 

(C:\Users\rlf3\AppData\Local\Programs\MiKTeX 2.9\tex/latex/l3backend\l3backend-
pdftex.def
File: l3backend-pdftex.def 2022-07-01 L3 backend support: PDF output (pdfTeX)
\l__color_backend_stack_int=\count313
\l__pdf_internal_box=\box75
))
(C:\Users\rlf3\AppData\Local\Programs\MiKTeX 2.9\tex/latex/l3packages/l3keys2e\
l3keys2e.sty
Package: l3keys2e 2022-06-22 LaTeX2e option processing using LaTeX3 keys
)
(C:\Users\rlf3\AppData\Local\Programs\MiKTeX 2.9\tex/latex/base\textcomp.sty
Package: textcomp 2020/02/02 v2.0n Standard LaTeX package
)
(C:\Users\rlf3\AppData\Local\Programs\MiKTeX 2.9\tex/latex/l3packages/xparse\xp
arse.sty
Package: xparse 2022-06-22 L3 Experimental document command parser
)
(C:\Users\rlf3\AppData\Local\Programs\MiKTeX 2.9\tex/latex/l3packages/xtemplate
\xtemplate.sty
Package: xtemplate 2022-06-22 L3 Experimental prototype document functions
\l__xtemplate_tmp_dim=\dimen281
\l__xtemplate_tmp_int=\count314
\l__xtemplate_tmp_muskip=\muskip17
\l__xtemplate_tmp_skip=\skip57
)
Package: xfrac 2022-06-22 L3 Experimental split-level fractions
\l__xfrac_slash_box=\box76
\l__xfrac_tmp_box=\box77
\l__xfrac_denominator_bot_sep_dim=\dimen282
\l__xfrac_numerator_bot_sep_dim=\dimen283
\l__xfrac_numerator_top_sep_dim=\dimen284
\l__xfrac_slash_left_sep_dim=\dimen285
\l__xfrac_slash_right_sep_dim=\dimen286
\l__xfrac_slash_left_muskip=\muskip18
\l__xfrac_slash_right_muskip=\muskip19

Package xtemplate Info: Declaring object type 'xfrac' taking 3 argument(s) on
(xtemplate)             line 80.

)
(C:\Users\rlf3\AppData\Local\Programs\MiKTeX 2.9\tex/latex/units\nicefrac.sty
Package: nicefrac 1998/08/04 v0.9b Nice fractions
\L@UnitsRaiseDisplaystyle=\skip58
\L@UnitsRaiseTextstyle=\skip59
\L@UnitsRaiseScriptstyle=\skip60

(C:\Users\rlf3\AppData\Local\Programs\MiKTeX 2.9\tex/latex/base\ifthen.sty
Package: ifthen 2022/04/13 v1.1d Standard LaTeX ifthen package (DPC)
))
(C:\Users\rlf3\AppData\Local\Programs\MiKTeX 2.9\tex/generic/pgf/libraries\pgfl
ibraryarrows.meta.code.tex
File: pgflibraryarrows.meta.code.tex 2021/05/15 v3.1.9a (3.1.9a)
\pgfarrowinset=\dimen287
\pgfarrowlength=\dimen288
\pgfarrowwidth=\dimen289
\pgfarrowlinewidth=\dimen290
)
Package: chemformula 2022/01/23 v4.17 typeset chemical compounds and reactions 
(CN)
\l__chemformula_tmpa_dim=\dimen291
\l__chemformula_tmpb_dim=\dimen292
\l__chemformula_tmpc_dim=\dimen293
\l__chemformula_tmpa_int=\count315
\l__chemformula_tmpb_int=\count316
\l__chemformula_tmpc_int=\count317
\l__chemformula_tmpa_box=\box78
\l__chemformula_tmpb_box=\box79
\l__chemformula_arrow_length_dim=\dimen294
\l__chemformula_arrow_label_height_dim=\dimen295
\l__chemformula_arrow_label_offset_dim=\dimen296
\l__chemformula_arrow_minimum_length_dim=\dimen297
\l__chemformula_arrow_shortage_dim=\dimen298
\l__chemformula_arrow_offset_dim=\dimen299
\l__chemformula_arrow_yshift_dim=\dimen300
\l__chemformula_radical_radius_dim=\dimen301
\l__chemformula_radical_hshift_dim=\dimen302
\l__chemformula_radical_vshift_dim=\dimen303
\l__chemformula_radical_space_dim=\dimen304
\l__chemformula_arrow_head_dim=\dimen305
\l__chemformula_name_dim=\dimen306
\l__chemformula_adduct_space_dim=\dimen307
\l__chemformula_charge_shift_dim=\dimen308
\l__chemformula_subscript_shift_dim=\dimen309
\l__chemformula_superscript_shift_dim=\dimen310
\l__chemformula_subscript_dim=\dimen311
\l__chemformula_superscript_dim=\dimen312
\l__chemformula_bond_dim=\dimen313
\l__chemformula_bond_space_dim=\dimen314
\l__chemformula_elspec_pair_distance_dim=\dimen315
\l__chemformula_elspec_pair_line_length_dim=\dimen316
\l__chemformula_elspec_pair_width_dim=\dimen317
\l__chemformula_kroegervink_positive_radius_dim=\dimen318
\l__chemformula_kroegervink_positive_hshift_dim=\dimen319
\l__chemformula_kroegervink_positive_vshift_dim=\dimen320
\l__chemformula_kroegervink_positive_space_dim=\dimen321
\l__chemformula_stoich_space_skip=\skip61
\l__chemformula_math_space_skip=\skip62
\l__chemformula_additions_symbol_space_skip=\skip63
\l__chemformula_count_tokens_int=\count318
\g__chemformula_lewis_int=\count319
\l__chemformula_arrow_arg_i_box=\box80
\l__chemformula_arrow_arg_ii_box=\box81
\l__chemformula_superscript_box=\box82
\l__chemformula_subscript_box=\box83
\l__chemformula_plus_space_skip=\skip64
\l__chemformula_minus_space_skip=\skip65
)
Package translations Info: No language package found. I am going to use `englis
h' as default language. on input line 41.
LaTeX Font Info:    Trying to load font information for OT1+ptm on input line 4
1.

(C:\Users\rlf3\AppData\Local\Programs\MiKTeX 2.9\tex/latex/psnfss\ot1ptm.fd
File: ot1ptm.fd 2001/06/04 font definitions for OT1/ptm.
)
(13th_iafss_latex_template_v01_clean.aux)
\openout1 = `13th_iafss_latex_template_v01_clean.aux'.

LaTeX Font Info:    Checking defaults for OML/cmm/m/it on input line 41.
LaTeX Font Info:    ... okay on input line 41.
LaTeX Font Info:    Checking defaults for OMS/cmsy/m/n on input line 41.
LaTeX Font Info:    ... okay on input line 41.
LaTeX Font Info:    Checking defaults for OT1/cmr/m/n on input line 41.
LaTeX Font Info:    ... okay on input line 41.
LaTeX Font Info:    Checking defaults for T1/cmr/m/n on input line 41.
LaTeX Font Info:    ... okay on input line 41.
LaTeX Font Info:    Checking defaults for TS1/cmr/m/n on input line 41.
LaTeX Font Info:    ... okay on input line 41.
LaTeX Font Info:    Checking defaults for OMX/cmex/m/n on input line 41.
LaTeX Font Info:    ... okay on input line 41.
LaTeX Font Info:    Checking defaults for U/cmr/m/n on input line 41.
LaTeX Font Info:    ... okay on input line 41.

(C:\Users\rlf3\AppData\Local\Programs\MiKTeX 2.9\tex/context/base/mkii\supp-pdf
.mkii
[Loading MPS to PDF converter (version 2006.09.02).]
\scratchcounter=\count320
\scratchdimen=\dimen322
\scratchbox=\box84
\nofMPsegments=\count321
\nofMParguments=\count322
\everyMPshowfont=\toks37
\MPscratchCnt=\count323
\MPscratchDim=\dimen323
\MPnumerator=\count324
\makeMPintoPDFobject=\count325
\everyMPtoPDFconversion=\toks38
)
(C:\Users\rlf3\AppData\Local\Programs\MiKTeX 2.9\tex/latex/epstopdf-pkg\epstopd
f-base.sty
Package: epstopdf-base 2020-01-24 v2.11 Base part for package epstopdf
Package epstopdf-base Info: Redefining graphics rule for `.eps' on input line 4
85.

(C:\Users\rlf3\AppData\Local\Programs\MiKTeX 2.9\tex/latex/00miktex\epstopdf-sy
s.cfg
File: epstopdf-sys.cfg 2021/03/18 v2.0 Configuration of epstopdf for MiKTeX
))
Package caption Info: Begin \AtBeginDocument code.
Package caption Info: End \AtBeginDocument code.

(C:\Users\rlf3\AppData\Local\Programs\MiKTeX 2.9\tex/latex/translations/dicts\t
ranslations-basic-dictionary-english.trsl
File: translations-basic-dictionary-english.trsl (english translation file `tra
nslations-basic-dictionary')
)
Package translations Info: loading dictionary `translations-basic-dictionary' f
or `english'. on input line 41.
LaTeX Font Info:    Trying to load font information for OT1+phv on input line 4
6.

(C:\Users\rlf3\AppData\Local\Programs\MiKTeX 2.9\tex/latex/psnfss\ot1phv.fd
File: ot1phv.fd 2020/03/25 scalable font definitions for OT1/phv.
)
LaTeX Font Info:    Trying to load font information for U+msa on input line 49.


(C:\Users\rlf3\AppData\Local\Programs\MiKTeX 2.9\tex/latex/amsfonts\umsa.fd
File: umsa.fd 2013/01/14 v3.01 AMS symbols A
)
LaTeX Font Info:    Trying to load font information for U+msb on input line 49.


(C:\Users\rlf3\AppData\Local\Programs\MiKTeX 2.9\tex/latex/amsfonts\umsb.fd
File: umsb.fd 2013/01/14 v3.01 AMS symbols B
)
LaTeX Font Info:    Trying to load font information for U+lasy on input line 49
.

(C:\Users\rlf3\AppData\Local\Programs\MiKTeX 2.9\tex/latex/base\ulasy.fd
File: ulasy.fd 1998/08/17 v2.2e LaTeX symbol font definitions
)
LaTeX Font Info:    Trying to load font information for TS1+ptm on input line 6
3.

(C:\Users\rlf3\AppData\Local\Programs\MiKTeX 2.9\tex/latex/psnfss\ts1ptm.fd
File: ts1ptm.fd 2001/06/04 font definitions for TS1/ptm.
)
[1

{C:/Users/rlf3/AppData/Local/MiKTeX/2.9/fonts/map/pdftex/pdftex.map}]

LaTeX Warning: No positions in optional float specifier.
               Default added (so using `!tbp') on input line 95.

<Experimental_Setup_6.png, id=12, 2005.4925pt x 868.74562pt>
File: Experimental_Setup_6.png Graphic file (type png)
<use Experimental_Setup_6.png>
Package pdftex.def Info: Experimental_Setup_6.png  used on input line 97.
(pdftex.def)             Requested size: 455.24408pt x 197.19586pt.
[2] [3 <./Experimental_Setup_6.png>] [4] [5]
LaTeX Font Info:    Trying to load font information for OT1+pcr on input line 1
59.

(C:\Users\rlf3\AppData\Local\Programs\MiKTeX 2.9\tex/latex/psnfss\ot1pcr.fd
File: ot1pcr.fd 2001/06/04 font definitions for OT1/pcr.
)
<NIST_Backdraft_Domain1.png, id=34, 766.865pt x 617.30624pt>
File: NIST_Backdraft_Domain1.png Graphic file (type png)
<use NIST_Backdraft_Domain1.png>
Package pdftex.def Info: NIST_Backdraft_Domain1.png  used on input line 168.
(pdftex.def)             Requested size: 211.38832pt x 208.92056pt.
<NIST_Backdraft_GC1.png, id=36, 742.775pt x 654.445pt>
File: NIST_Backdraft_GC1.png Graphic file (type png)
<use NIST_Backdraft_GC1.png>
Package pdftex.def Info: NIST_Backdraft_GC1.png  used on input line 169.
(pdftex.def)             Requested size: 211.38832pt x 201.28635pt.

[6]

LaTeX Warning: No positions in optional float specifier.
               Default added (so using `tbp') on input line 189.

[7 <./NIST_Backdraft_Domain1.png (PNG copy)> <./NIST_Backdraft_GC1.png (PNG cop
y)>] [8]
<246 vlcsnap-2023-01-30-22h18m26s991.png, id=51, 1445.4pt x 813.0375pt>
File: 246 vlcsnap-2023-01-30-22h18m26s991.png Graphic file (type png)
<use 246 vlcsnap-2023-01-30-22h18m26s991.png>
Package pdftex.def Info: 246 vlcsnap-2023-01-30-22h18m26s991.png  used on input
 line 219.
(pdftex.def)             Requested size: 225.4804pt x 126.8259pt.
<NIST_Backdraft_Propane_25kW_285s_low_EXT2_HRRPUV_4p22s.png, id=53, 793.46437pt
 x 593.96906pt>
File: NIST_Backdraft_Propane_25kW_285s_low_EXT2_HRRPUV_4p22s.png Graphic file (
type png)
<use NIST_Backdraft_Propane_25kW_285s_low_EXT2_HRRPUV_4p22s.png>
Package pdftex.def Info: NIST_Backdraft_Propane_25kW_285s_low_EXT2_HRRPUV_4p22s
.png  used on input line 220.
(pdftex.def)             Requested size: 225.4804pt x 105.15843pt.
<246 vlcsnap-2023-01-30-22h18m40s863.png, id=55, 1445.4pt x 813.0375pt>
File: 246 vlcsnap-2023-01-30-22h18m40s863.png Graphic file (type png)
<use 246 vlcsnap-2023-01-30-22h18m40s863.png>
Package pdftex.def Info: 246 vlcsnap-2023-01-30-22h18m40s863.png  used on input
 line 223.
(pdftex.def)             Requested size: 225.4804pt x 126.8259pt.
<NIST_Backdraft_Propane_25kW_285s_low_EXT2_HRRPUV_4p37s.png, id=57, 793.46437pt
 x 593.96906pt>
File: NIST_Backdraft_Propane_25kW_285s_low_EXT2_HRRPUV_4p37s.png Graphic file (
type png)
<use NIST_Backdraft_Propane_25kW_285s_low_EXT2_HRRPUV_4p37s.png>
Package pdftex.def Info: NIST_Backdraft_Propane_25kW_285s_low_EXT2_HRRPUV_4p37s
.png  used on input line 224.
(pdftex.def)             Requested size: 225.4804pt x 105.15843pt.
<PbvsTCE_Cign_LES_Extinction_2_TTH300_Propaneb.pdf, id=59, 614.295pt x 794.97pt
>
File: PbvsTCE_Cign_LES_Extinction_2_TTH300_Propaneb.pdf Graphic file (type pdf)

<use PbvsTCE_Cign_LES_Extinction_2_TTH300_Propaneb.pdf>
Package pdftex.def Info: PbvsTCE_Cign_LES_Extinction_2_TTH300_Propaneb.pdf  use
d on input line 240.
(pdftex.def)             Requested size: 237.22858pt x 147.17375pt.
<PbvsTCE_Cign_LES_Extinction_2_TTH325_Propaneb.pdf, id=61, 614.295pt x 794.97pt
>
File: PbvsTCE_Cign_LES_Extinction_2_TTH325_Propaneb.pdf Graphic file (type pdf)

<use PbvsTCE_Cign_LES_Extinction_2_TTH325_Propaneb.pdf>
Package pdftex.def Info: PbvsTCE_Cign_LES_Extinction_2_TTH325_Propaneb.pdf  use
d on input line 241.
(pdftex.def)             Requested size: 227.83147pt x 147.33765pt.
<PbvsTCE_Cign_LES_Extinction_2_TTH350_Propaneb.pdf, id=63, 614.295pt x 794.97pt
>
File: PbvsTCE_Cign_LES_Extinction_2_TTH350_Propaneb.pdf Graphic file (type pdf)

<use PbvsTCE_Cign_LES_Extinction_2_TTH350_Propaneb.pdf>
Package pdftex.def Info: PbvsTCE_Cign_LES_Extinction_2_TTH350_Propaneb.pdf  use
d on input line 244.
(pdftex.def)             Requested size: 237.22858pt x 147.17375pt.
<PbvsTCE_Cign_LES_Extinction_2_TTH400_Propaneb.pdf, id=65, 614.295pt x 794.97pt
>
File: PbvsTCE_Cign_LES_Extinction_2_TTH400_Propaneb.pdf Graphic file (type pdf)

<use PbvsTCE_Cign_LES_Extinction_2_TTH400_Propaneb.pdf>
Package pdftex.def Info: PbvsTCE_Cign_LES_Extinction_2_TTH400_Propaneb.pdf  use
d on input line 245.
(pdftex.def)             Requested size: 227.83147pt x 147.33765pt.
 [9 <./246 vlcsnap-2023-01-30-22h18m26s991.png> <./NIST_Backdraft_Propane_25kW_
285s_low_EXT2_HRRPUV_4p22s.png> <./246 vlcsnap-2023-01-30-22h18m40s863.png> <./
NIST_Backdraft_Propane_25kW_285s_low_EXT2_HRRPUV_4p37s.png>] [10 <./PbvsTCE_Cig
n_LES_Extinction_2_TTH300_Propaneb.pdf> <./PbvsTCE_Cign_LES_Extinction_2_TTH325
_Propaneb.pdf> <./PbvsTCE_Cign_LES_Extinction_2_TTH350_Propaneb.pdf> <./PbvsTCE
_Cign_LES_Extinction_2_TTH400_Propaneb.pdf>]
<PbvsTCE_Cign_LES_Extinction_2_TTH300_LGIGN_Propaneb.pdf, id=149, 614.295pt x 7
94.97pt>
File: PbvsTCE_Cign_LES_Extinction_2_TTH300_LGIGN_Propaneb.pdf Graphic file (typ
e pdf)
<use PbvsTCE_Cign_LES_Extinction_2_TTH300_LGIGN_Propaneb.pdf>
Package pdftex.def Info: PbvsTCE_Cign_LES_Extinction_2_TTH300_LGIGN_Propaneb.pd
f  used on input line 267.
(pdftex.def)             Requested size: 237.22858pt x 147.17375pt.
<PbvsTCE_Cign_LES_Extinction_2_TTH350_LGIGN_Propaneb.pdf, id=151, 614.295pt x 7
94.97pt>
File: PbvsTCE_Cign_LES_Extinction_2_TTH350_LGIGN_Propaneb.pdf Graphic file (typ
e pdf)
<use PbvsTCE_Cign_LES_Extinction_2_TTH350_LGIGN_Propaneb.pdf>
Package pdftex.def Info: PbvsTCE_Cign_LES_Extinction_2_TTH350_LGIGN_Propaneb.pd
f  used on input line 268.
(pdftex.def)             Requested size: 227.83147pt x 147.33765pt.
 [11 <./PbvsTCE_Cign_LES_Extinction_2_TTH300_LGIGN_Propaneb.pdf> <./PbvsTCE_Cig
n_LES_Extinction_2_TTH350_LGIGN_Propaneb.pdf>] (13th_iafss_latex_template_v01_c
lean.bbl [12] [13] [14])
[15] [16] (13th_iafss_latex_template_v01_clean.aux) ) 
Here is how much of TeX's memory you used:
 21541 strings out of 478338
 490144 string characters out of 2835250
 722099 words of memory out of 3000000
 39599 multiletter control sequences out of 15000+600000
 487400 words of font info for 76 fonts, out of 8000000 for 9000
 1141 hyphenation exceptions out of 8191
 99i,19n,103p,1889b,537s stack positions out of 10000i,1000n,20000p,200000b,80000s
{C:/Users/rlf3/AppData/Loc
al/Programs/MiKTeX 2.9/fonts/enc/dvips/base/8r.enc}<C:/Users/rlf3/AppData/Local
/Programs/MiKTeX 2.9/fonts/type1/public/amsfonts/cm/cmex10.pfb><C:/Users/rlf3/A
ppData/Local/Programs/MiKTeX 2.9/fonts/type1/public/amsfonts/cm/cmmi12.pfb><C:/
Users/rlf3/AppData/Local/Programs/MiKTeX 2.9/fonts/type1/public/amsfonts/cm/cmm
i8.pfb><C:/Users/rlf3/AppData/Local/Programs/MiKTeX 2.9/fonts/type1/public/amsf
onts/cm/cmr12.pfb><C:/Users/rlf3/AppData/Local/Programs/MiKTeX 2.9/fonts/type1/
public/amsfonts/cm/cmr6.pfb><C:/Users/rlf3/AppData/Local/Programs/MiKTeX 2.9/fo
nts/type1/public/amsfonts/cm/cmr8.pfb><C:/Users/rlf3/AppData/Local/Programs/MiK
TeX 2.9/fonts/type1/public/amsfonts/cm/cmsy10.pfb><C:/Users/rlf3/AppData/Local/
Programs/MiKTeX 2.9/fonts/type1/public/amsfonts/cm/cmsy8.pfb><C:/Users/rlf3/App
Data/Local/Programs/MiKTeX 2.9/fonts/type1/urw/courier/ucrr8a.pfb><C:/Users/rlf
3/AppData/Local/Programs/MiKTeX 2.9/fonts/type1/urw/helvetic/uhvr8a.pfb><C:/Use
rs/rlf3/AppData/Local/Programs/MiKTeX 2.9/fonts/type1/urw/times/utmb8a.pfb><C:/
Users/rlf3/AppData/Local/Programs/MiKTeX 2.9/fonts/type1/urw/times/utmr8a.pfb><
C:/Users/rlf3/AppData/Local/Programs/MiKTeX 2.9/fonts/type1/urw/times/utmri8a.p
fb>
Output written on 13th_iafss_latex_template_v01_clean.pdf (16 pages, 4570662 by
tes).
PDF statistics:
 262 PDF objects out of 1000 (max. 8388607)
 0 named destinations out of 1000 (max. 500000)
 150 words of extra memory for PDF output out of 10000 (max. 10000000)

